<?xml version="1.0" encoding="UTF-8"?>
<!-- Generated by org.testng.reporters.JUnitReportReporter -->
<testsuite hostname="DESKTOP-RRR4LHT" failures="0" tests="1" name="MockJsonTest.TestngSumValidation" time="1.674" errors="0" timestamp="2022-03-20T14:37:49 IST" skipped="0">
  <testcase classname="MockJsonTest.TestngSumValidation" name="sumOfCourses" time="1.674"/>
  <system-out/>
</testsuite> <!-- MockJsonTest.TestngSumValidation -->
