<?xml version="1.0" encoding="UTF-8"?>
<!-- Generated by org.testng.reporters.JUnitReportReporter -->
<testsuite hostname="DESKTOP-RRR4LHT" failures="0" tests="1" name="SeleniumTest1.GoogleSearchJunitTest" time="7.814" errors="0" timestamp="2022-03-09T17:54:42 IST" skipped="0">
  <testcase classname="SeleniumTest1.GoogleSearchJunitTest" name="testInChrome" time="7.814"/>
  <system-out/>
</testsuite> <!-- SeleniumTest1.GoogleSearchJunitTest -->
